{
  "RSpec": {
    "coverage": {
      "/Users/thiagoramosal/Documents/PROJETOS/RUBY/CURSO/tidy/customer_app/app/models/address.rb": [
        null,
        null,
        null,
        null,
        null,
        null,
        null,
        null,
        null,
        null,
        null,
        null,
        null,
        1,
        1,
        1,
        null
      ],
      "/Users/thiagoramosal/Documents/PROJETOS/RUBY/CURSO/tidy/customer_app/app/models/city.rb": [
        null,
        null,
        null,
        null,
        null,
        null,
        null,
        null,
        null,
        null,
        null,
        1,
        1,
        null,
        1,
        null
      ],
      "/Users/thiagoramosal/Documents/PROJETOS/RUBY/CURSO/tidy/customer_app/app/models/customer.rb": [
        null,
        null,
        null,
        null,
        null,
        null,
        null,
        null,
        null,
        null,
        null,
        null,
        null,
        1,
        1,
        1,
        null,
        1,
        null
      ],
      "/Users/thiagoramosal/Documents/PROJETOS/RUBY/CURSO/tidy/customer_app/app/models/state.rb": [
        null,
        null,
        null,
        null,
        null,
        null,
        null,
        null,
        null,
        null,
        1,
        null
      ],
      "/Users/thiagoramosal/Documents/PROJETOS/RUBY/CURSO/tidy/customer_app/app/api/root.rb": [
        1,
        1,
        1,
        1,
        null,
        null,
        null,
        null,
        null,
        null,
        1,
        0,
        0,
        0,
        null,
        0,
        0,
        null,
        0,
        null,
        0,
        null,
        0,
        0,
        0,
        null,
        null,
        null,
        null,
        0,
        null,
        null,
        1,
        null,
        null,
        null
      ],
      "/Users/thiagoramosal/Documents/PROJETOS/RUBY/CURSO/tidy/customer_app/app/api/error_formatter.rb": [
        1,
        1,
        1,
        0,
        null,
        null,
        null,
        null
      ],
      "/Users/thiagoramosal/Documents/PROJETOS/RUBY/CURSO/tidy/customer_app/app/api/v1/root.rb": [
        1,
        1,
        1,
        1,
        1,
        null,
        null,
        null,
        null
      ],
      "/Users/thiagoramosal/Documents/PROJETOS/RUBY/CURSO/tidy/customer_app/app/api/v1/manager/root.rb": [
        1,
        1,
        1,
        1,
        1,
        1,
        null,
        null,
        null,
        null,
        null
      ],
      "/Users/thiagoramosal/Documents/PROJETOS/RUBY/CURSO/tidy/customer_app/app/api/v1/manager/customer/customers.rb": [
        1,
        1,
        1,
        1,
        1,
        1,
        null,
        1,
        1,
        1,
        0,
        0,
        null,
        null,
        1,
        1,
        0,
        null,
        0,
        0,
        null,
        null,
        1,
        1,
        0,
        null,
        0,
        0,
        0,
        null,
        null,
        1,
        1,
        1,
        null,
        null,
        null,
        null,
        null,
        null,
        null
      ],
      "/Users/thiagoramosal/Documents/PROJETOS/RUBY/CURSO/tidy/customer_app/app/api/v1/helpers/permited_params_helper.rb": [
        1,
        1,
        1,
        1,
        1,
        0,
        null,
        null,
        null,
        null,
        null
      ],
      "/Users/thiagoramosal/Documents/PROJETOS/RUBY/CURSO/tidy/customer_app/app/helpers/application_helper.rb": [
        1,
        null
      ],
      "/Users/thiagoramosal/Documents/PROJETOS/RUBY/CURSO/tidy/customer_app/app/api/v1/manager/customer/entities/address_presenter.rb": [
        0,
        0,
        0,
        0,
        0,
        0,
        0,
        0,
        0,
        0,
        0,
        0,
        0,
        0,
        0,
        0,
        0,
        0,
        0,
        0,
        0,
        0,
        0,
        0,
        0,
        0,
        0
      ],
      "/Users/thiagoramosal/Documents/PROJETOS/RUBY/CURSO/tidy/customer_app/app/api/v1/manager/customer/entities/customer_presenter.rb": [
        0,
        0,
        0,
        0,
        0,
        0,
        0,
        0,
        0,
        0,
        0,
        0,
        0,
        0,
        0,
        0,
        0,
        0,
        0,
        0
      ],
      "/Users/thiagoramosal/Documents/PROJETOS/RUBY/CURSO/tidy/customer_app/app/controllers/application_controller.rb": [
        0,
        0,
        0,
        0,
        0
      ]
    },
    "timestamp": 1453825597
  }
}
